# JRE version: OpenJDK Runtime Environment (8.0_242-b01) (build 1.8.0_242-release-1644-b01)
# Java VM: OpenJDK 64-Bit Server VM (25.242-b01 mixed mode windows-amd64 compressed oops)
Heap:
 PSYoungGen      total 96256K, used 16367K [0x00000000d5f80000, 0x00000000deb80000, 0x0000000100000000)
  eden space 91136K, 12% used [0x00000000d5f80000,0x00000000d6a83230,0x00000000db880000)
  from space 5120K, 99% used [0x00000000de680000,0x00000000deb78c70,0x00000000deb80000)
  to   space 5120K, 0% used [0x00000000de180000,0x00000000de180000,0x00000000de680000)
 ParOldGen       total 74240K, used 25743K [0x0000000081e00000, 0x0000000086680000, 0x00000000d5f80000)
  object space 74240K, 34% used [0x0000000081e00000,0x0000000083723d80,0x0000000086680000)
 Metaspace       used 32100K, capacity 32635K, committed 32944K, reserved 1077248K
  class space    used 4071K, capacity 4217K, committed 4272K, reserved 1048576K
GC Heap History (10 events):
Event: 1.293 GC heap before
{Heap before GC invocations=1 (full 0):
 PSYoungGen      total 38400K, used 33280K [0x00000000d5f80000, 0x00000000d8a00000, 0x0000000100000000)
  eden space 33280K, 100% used [0x00000000d5f80000,0x00000000d8000000,0x00000000d8000000)
  from space 5120K, 0% used [0x00000000d8500000,0x00000000d8500000,0x00000000d8a00000)
  to   space 5120K, 0% used [0x00000000d8000000,0x00000000d8000000,0x00000000d8500000)
 ParOldGen       total 87552K, used 0K [0x0000000081e00000, 0x0000000087380000, 0x00000000d5f80000)
  object space 87552K, 0% used [0x0000000081e00000,0x0000000081e00000,0x0000000087380000)
 Metaspace       used 10140K, capacity 10300K, committed 10496K, reserved 1058816K
  class space    used 1106K, capacity 1180K, committed 1280K, reserved 1048576K
Event: 1.307 GC heap after
Heap after GC invocations=1 (full 0):
 PSYoungGen      total 38400K, used 5089K [0x00000000d5f80000, 0x00000000daa80000, 0x0000000100000000)
  eden space 33280K, 0% used [0x00000000d5f80000,0x00000000d5f80000,0x00000000d8000000)
  from space 5120K, 99% used [0x00000000d8000000,0x00000000d84f8470,0x00000000d8500000)
  to   space 5120K, 0% used [0x00000000da580000,0x00000000da580000,0x00000000daa80000)
 ParOldGen       total 87552K, used 2857K [0x0000000081e00000, 0x0000000087380000, 0x00000000d5f80000)
  object space 87552K, 3% used [0x0000000081e00000,0x00000000820ca660,0x0000000087380000)
 Metaspace       used 10140K, capacity 10300K, committed 10496K, reserved 1058816K
  class space    used 1106K, capacity 1180K, committed 1280K, reserved 1048576K
}
Event: 2.483 GC heap before
{Heap before GC invocations=2 (full 0):
 PSYoungGen      total 38400K, used 38369K [0x00000000d5f80000, 0x00000000daa80000, 0x0000000100000000)
  eden space 33280K, 100% used [0x00000000d5f80000,0x00000000d8000000,0x00000000d8000000)
  from space 5120K, 99% used [0x00000000d8000000,0x00000000d84f8470,0x00000000d8500000)
  to   space 5120K, 0% used [0x00000000da580000,0x00000000da580000,0x00000000daa80000)
 ParOldGen       total 87552K, used 2857K [0x0000000081e00000, 0x0000000087380000, 0x00000000d5f80000)
  object space 87552K, 3% used [0x0000000081e00000,0x00000000820ca660,0x0000000087380000)
 Metaspace       used 16011K, capacity 16362K, committed 16640K, reserved 1064960K
  class space    used 1860K, capacity 1947K, committed 2048K, reserved 1048576K
Event: 2.497 GC heap after
Heap after GC invocations=2 (full 0):
 PSYoungGen      total 71680K, used 5112K [0x00000000d5f80000, 0x00000000daa80000, 0x0000000100000000)
  eden space 66560K, 0% used [0x00000000d5f80000,0x00000000d5f80000,0x00000000da080000)
  from space 5120K, 99% used [0x00000000da580000,0x00000000daa7e030,0x00000000daa80000)
  to   space 5120K, 0% used [0x00000000da080000,0x00000000da080000,0x00000000da580000)
 ParOldGen       total 87552K, used 8048K [0x0000000081e00000, 0x0000000087380000, 0x00000000d5f80000)
  object space 87552K, 9% used [0x0000000081e00000,0x00000000825dc3b0,0x0000000087380000)
 Metaspace       used 16011K, capacity 16362K, committed 16640K, reserved 1064960K
  class space    used 1860K, capacity 1947K, committed 2048K, reserved 1048576K
}
Event: 3.126 GC heap before
{Heap before GC invocations=3 (full 0):
 PSYoungGen      total 71680K, used 24197K [0x00000000d5f80000, 0x00000000daa80000, 0x0000000100000000)
  eden space 66560K, 28% used [0x00000000d5f80000,0x00000000d72236b8,0x00000000da080000)
  from space 5120K, 99% used [0x00000000da580000,0x00000000daa7e030,0x00000000daa80000)
  to   space 5120K, 0% used [0x00000000da080000,0x00000000da080000,0x00000000da580000)
 ParOldGen       total 87552K, used 8048K [0x0000000081e00000, 0x0000000087380000, 0x00000000d5f80000)
  object space 87552K, 9% used [0x0000000081e00000,0x00000000825dc3b0,0x0000000087380000)
 Metaspace       used 20855K, capacity 21250K, committed 21296K, reserved 1069056K
  class space    used 2458K, capacity 2594K, committed 2608K, reserved 1048576K
Event: 3.138 GC heap after
Heap after GC invocations=3 (full 0):
 PSYoungGen      total 71680K, used 5116K [0x00000000d5f80000, 0x00000000deb80000, 0x0000000100000000)
  eden space 66560K, 0% used [0x00000000d5f80000,0x00000000d5f80000,0x00000000da080000)
  from space 5120K, 99% used [0x00000000da080000,0x00000000da57f040,0x00000000da580000)
  to   space 5120K, 0% used [0x00000000de680000,0x00000000de680000,0x00000000deb80000)
 ParOldGen       total 87552K, used 12318K [0x0000000081e00000, 0x0000000087380000, 0x00000000d5f80000)
  object space 87552K, 14% used [0x0000000081e00000,0x0000000082a07b28,0x0000000087380000)
 Metaspace       used 20855K, capacity 21250K, committed 21296K, reserved 1069056K
  class space    used 2458K, capacity 2594K, committed 2608K, reserved 1048576K
}
Event: 3.138 GC heap before
{Heap before GC invocations=4 (full 1):
 PSYoungGen      total 71680K, used 5116K [0x00000000d5f80000, 0x00000000deb80000, 0x0000000100000000)
  eden space 66560K, 0% used [0x00000000d5f80000,0x00000000d5f80000,0x00000000da080000)
  from space 5120K, 99% used [0x00000000da080000,0x00000000da57f040,0x00000000da580000)
  to   space 5120K, 0% used [0x00000000de680000,0x00000000de680000,0x00000000deb80000)
 ParOldGen       total 87552K, used 12318K [0x0000000081e00000, 0x0000000087380000, 0x00000000d5f80000)
  object space 87552K, 14% used [0x0000000081e00000,0x0000000082a07b28,0x0000000087380000)
 Metaspace       used 20855K, capacity 21250K, committed 21296K, reserved 1069056K
  class space    used 2458K, capacity 2594K, committed 2608K, reserved 1048576K
Event: 3.208 GC heap after
Heap after GC invocations=4 (full 1):
 PSYoungGen      total 71680K, used 0K [0x00000000d5f80000, 0x00000000deb80000, 0x0000000100000000)
  eden space 66560K, 0% used [0x00000000d5f80000,0x00000000d5f80000,0x00000000da080000)
  from space 5120K, 0% used [0x00000000da080000,0x00000000da080000,0x00000000da580000)
  to   space 5120K, 0% used [0x00000000de680000,0x00000000de680000,0x00000000deb80000)
 ParOldGen       total 74240K, used 14146K [0x0000000081e00000, 0x0000000086680000, 0x00000000d5f80000)
  object space 74240K, 19% used [0x0000000081e00000,0x0000000082bd08a8,0x0000000086680000)
 Metaspace       used 20855K, capacity 21250K, committed 21296K, reserved 1069056K
  class space    used 2458K, capacity 2594K, committed 2608K, reserved 1048576K
}
Event: 6.481 GC heap before
{Heap before GC invocations=5 (full 1):
 PSYoungGen      total 71680K, used 66560K [0x00000000d5f80000, 0x00000000deb80000, 0x0000000100000000)
  eden space 66560K, 100% used [0x00000000d5f80000,0x00000000da080000,0x00000000da080000)
  from space 5120K, 0% used [0x00000000da080000,0x00000000da080000,0x00000000da580000)
  to   space 5120K, 0% used [0x00000000de680000,0x00000000de680000,0x00000000deb80000)
 ParOldGen       total 74240K, used 14146K [0x0000000081e00000, 0x0000000086680000, 0x00000000d5f80000)
  object space 74240K, 19% used [0x0000000081e00000,0x0000000082bd08a8,0x0000000086680000)
 Metaspace       used 30334K, capacity 30895K, committed 31152K, reserved 1077248K
  class space    used 3751K, capacity 3895K, committed 4016K, reserved 1048576K
Event: 6.516 GC heap after
Heap after GC invocations=5 (full 1):
 PSYoungGen      total 96256K, used 5091K [0x00000000d5f80000, 0x00000000deb80000, 0x0000000100000000)
  eden space 91136K, 0% used [0x00000000d5f80000,0x00000000d5f80000,0x00000000db880000)
  from space 5120K, 99% used [0x00000000de680000,0x00000000deb78c70,0x00000000deb80000)
  to   space 5120K, 0% used [0x00000000de180000,0x00000000de180000,0x00000000de680000)
 ParOldGen       total 74240K, used 25743K [0x0000000081e00000, 0x0000000086680000, 0x00000000d5f80000)
  object space 74240K, 34% used [0x0000000081e00000,0x0000000083723d80,0x0000000086680000)
 Metaspace       used 30334K, capacity 30895K, committed 31152K, reserved 1077248K
  class space    used 3751K, capacity 3895K, committed 4016K, reserved 1048576K
}

