# JRE version: OpenJDK Runtime Environment (8.0_242-b01) (build 1.8.0_242-release-1644-b01)
# Java VM: OpenJDK 64-Bit Server VM (25.242-b01 mixed mode windows-amd64 compressed oops)
Heap:
 PSYoungGen      total 66048K, used 30240K [0x00000000d5f80000, 0x00000000db900000, 0x0000000100000000)
  eden space 51712K, 38% used [0x00000000d5f80000,0x00000000d72cd770,0x00000000d9200000)
  from space 14336K, 73% used [0x00000000d9200000,0x00000000d9c3aa20,0x00000000da000000)
  to   space 14336K, 0% used [0x00000000dab00000,0x00000000dab00000,0x00000000db900000)
 ParOldGen       total 81408K, used 17407K [0x0000000081e00000, 0x0000000086d80000, 0x00000000d5f80000)
  object space 81408K, 21% used [0x0000000081e00000,0x0000000082effd40,0x0000000086d80000)
 Metaspace       used 41100K, capacity 41730K, committed 42160K, reserved 1085440K
  class space    used 5093K, capacity 5236K, committed 5296K, reserved 1048576K
GC Heap History (10 events):
Event: 6.985 GC heap before
{Heap before GC invocations=5 (full 1):
 PSYoungGen      total 38400K, used 33280K [0x00000000d5f80000, 0x00000000daa80000, 0x0000000100000000)
  eden space 33280K, 100% used [0x00000000d5f80000,0x00000000d8000000,0x00000000d8000000)
  from space 5120K, 0% used [0x00000000d8000000,0x00000000d8000000,0x00000000d8500000)
  to   space 5120K, 0% used [0x00000000da580000,0x00000000da580000,0x00000000daa80000)
 ParOldGen       total 81408K, used 14146K [0x0000000081e00000, 0x0000000086d80000, 0x00000000d5f80000)
  object space 81408K, 17% used [0x0000000081e00000,0x0000000082bd0988,0x0000000086d80000)
 Metaspace       used 24776K, capacity 25302K, committed 25520K, reserved 1071104K
  class space    used 2953K, capacity 3123K, committed 3248K, reserved 1048576K
Event: 7.002 GC heap after
Heap after GC invocations=5 (full 1):
 PSYoungGen      total 43520K, used 5097K [0x00000000d5f80000, 0x00000000daa80000, 0x0000000100000000)
  eden space 38400K, 0% used [0x00000000d5f80000,0x00000000d5f80000,0x00000000d8500000)
  from space 5120K, 99% used [0x00000000da580000,0x00000000daa7a768,0x00000000daa80000)
  to   space 5120K, 0% used [0x00000000da080000,0x00000000da080000,0x00000000da580000)
 ParOldGen       total 81408K, used 16729K [0x0000000081e00000, 0x0000000086d80000, 0x00000000d5f80000)
  object space 81408K, 20% used [0x0000000081e00000,0x0000000082e565c8,0x0000000086d80000)
 Metaspace       used 24776K, capacity 25302K, committed 25520K, reserved 1071104K
  class space    used 2953K, capacity 3123K, committed 3248K, reserved 1048576K
}
Event: 8.272 GC heap before
{Heap before GC invocations=6 (full 1):
 PSYoungGen      total 43520K, used 43497K [0x00000000d5f80000, 0x00000000daa80000, 0x0000000100000000)
  eden space 38400K, 100% used [0x00000000d5f80000,0x00000000d8500000,0x00000000d8500000)
  from space 5120K, 99% used [0x00000000da580000,0x00000000daa7a768,0x00000000daa80000)
  to   space 5120K, 0% used [0x00000000da080000,0x00000000da080000,0x00000000da580000)
 ParOldGen       total 81408K, used 16729K [0x0000000081e00000, 0x0000000086d80000, 0x00000000d5f80000)
  object space 81408K, 20% used [0x0000000081e00000,0x0000000082e565c8,0x0000000086d80000)
 Metaspace       used 31411K, capacity 31931K, committed 32176K, reserved 1077248K
  class space    used 3995K, capacity 4153K, committed 4272K, reserved 1048576K
Event: 8.297 GC heap after
Heap after GC invocations=6 (full 1):
 PSYoungGen      total 49664K, used 5091K [0x00000000d5f80000, 0x00000000da800000, 0x0000000100000000)
  eden space 44544K, 0% used [0x00000000d5f80000,0x00000000d5f80000,0x00000000d8b00000)
  from space 5120K, 99% used [0x00000000da080000,0x00000000da578c70,0x00000000da580000)
  to   space 2560K, 0% used [0x00000000da580000,0x00000000da580000,0x00000000da800000)
 ParOldGen       total 81408K, used 26723K [0x0000000081e00000, 0x0000000086d80000, 0x00000000d5f80000)
  object space 81408K, 32% used [0x0000000081e00000,0x0000000083818cb0,0x0000000086d80000)
 Metaspace       used 31411K, capacity 31931K, committed 32176K, reserved 1077248K
  class space    used 3995K, capacity 4153K, committed 4272K, reserved 1048576K
}
Event: 9.277 GC heap before
{Heap before GC invocations=7 (full 1):
 PSYoungGen      total 49664K, used 20154K [0x00000000d5f80000, 0x00000000da800000, 0x0000000100000000)
  eden space 44544K, 33% used [0x00000000d5f80000,0x00000000d6e35e18,0x00000000d8b00000)
  from space 5120K, 99% used [0x00000000da080000,0x00000000da578c70,0x00000000da580000)
  to   space 2560K, 0% used [0x00000000da580000,0x00000000da580000,0x00000000da800000)
 ParOldGen       total 81408K, used 26723K [0x0000000081e00000, 0x0000000086d80000, 0x00000000d5f80000)
  object space 81408K, 32% used [0x0000000081e00000,0x0000000083818cb0,0x0000000086d80000)
 Metaspace       used 34696K, capacity 35174K, committed 35496K, reserved 1081344K
  class space    used 4420K, capacity 4546K, committed 4656K, reserved 1048576K
Event: 9.288 GC heap after
Heap after GC invocations=7 (full 1):
 PSYoungGen      total 54272K, used 2531K [0x00000000d5f80000, 0x00000000dae00000, 0x0000000100000000)
  eden space 51712K, 0% used [0x00000000d5f80000,0x00000000d5f80000,0x00000000d9200000)
  from space 2560K, 98% used [0x00000000da580000,0x00000000da7f8c70,0x00000000da800000)
  to   space 14336K, 0% used [0x00000000d9200000,0x00000000d9200000,0x00000000da000000)
 ParOldGen       total 81408K, used 32891K [0x0000000081e00000, 0x0000000086d80000, 0x00000000d5f80000)
  object space 81408K, 40% used [0x0000000081e00000,0x0000000083e1efb0,0x0000000086d80000)
 Metaspace       used 34696K, capacity 35174K, committed 35496K, reserved 1081344K
  class space    used 4420K, capacity 4546K, committed 4656K, reserved 1048576K
}
Event: 9.289 GC heap before
{Heap before GC invocations=8 (full 2):
 PSYoungGen      total 54272K, used 2531K [0x00000000d5f80000, 0x00000000dae00000, 0x0000000100000000)
  eden space 51712K, 0% used [0x00000000d5f80000,0x00000000d5f80000,0x00000000d9200000)
  from space 2560K, 98% used [0x00000000da580000,0x00000000da7f8c70,0x00000000da800000)
  to   space 14336K, 0% used [0x00000000d9200000,0x00000000d9200000,0x00000000da000000)
 ParOldGen       total 81408K, used 32891K [0x0000000081e00000, 0x0000000086d80000, 0x00000000d5f80000)
  object space 81408K, 40% used [0x0000000081e00000,0x0000000083e1efb0,0x0000000086d80000)
 Metaspace       used 34696K, capacity 35174K, committed 35496K, reserved 1081344K
  class space    used 4420K, capacity 4546K, committed 4656K, reserved 1048576K
Event: 9.386 GC heap after
Heap after GC invocations=8 (full 2):
 PSYoungGen      total 54272K, used 0K [0x00000000d5f80000, 0x00000000dae00000, 0x0000000100000000)
  eden space 51712K, 0% used [0x00000000d5f80000,0x00000000d5f80000,0x00000000d9200000)
  from space 2560K, 0% used [0x00000000da580000,0x00000000da580000,0x00000000da800000)
  to   space 14336K, 0% used [0x00000000d9200000,0x00000000d9200000,0x00000000da000000)
 ParOldGen       total 81408K, used 17399K [0x0000000081e00000, 0x0000000086d80000, 0x00000000d5f80000)
  object space 81408K, 21% used [0x0000000081e00000,0x0000000082efdd40,0x0000000086d80000)
 Metaspace       used 34696K, capacity 35174K, committed 35496K, reserved 1081344K
  class space    used 4420K, capacity 4546K, committed 4656K, reserved 1048576K
}
Event: 10.461 GC heap before
{Heap before GC invocations=9 (full 2):
 PSYoungGen      total 54272K, used 51712K [0x00000000d5f80000, 0x00000000dae00000, 0x0000000100000000)
  eden space 51712K, 100% used [0x00000000d5f80000,0x00000000d9200000,0x00000000d9200000)
  from space 2560K, 0% used [0x00000000da580000,0x00000000da580000,0x00000000da800000)
  to   space 14336K, 0% used [0x00000000d9200000,0x00000000d9200000,0x00000000da000000)
 ParOldGen       total 81408K, used 17399K [0x0000000081e00000, 0x0000000086d80000, 0x00000000d5f80000)
  object space 81408K, 21% used [0x0000000081e00000,0x0000000082efdd40,0x0000000086d80000)
 Metaspace       used 38834K, capacity 39440K, committed 39728K, reserved 1083392K
  class space    used 4912K, capacity 5059K, committed 5168K, reserved 1048576K
Event: 10.477 GC heap after
Heap after GC invocations=9 (full 2):
 PSYoungGen      total 66048K, used 10474K [0x00000000d5f80000, 0x00000000db900000, 0x0000000100000000)
  eden space 51712K, 0% used [0x00000000d5f80000,0x00000000d5f80000,0x00000000d9200000)
  from space 14336K, 73% used [0x00000000d9200000,0x00000000d9c3aa20,0x00000000da000000)
  to   space 14336K, 0% used [0x00000000dab00000,0x00000000dab00000,0x00000000db900000)
 ParOldGen       total 81408K, used 17407K [0x0000000081e00000, 0x0000000086d80000, 0x00000000d5f80000)
  object space 81408K, 21% used [0x0000000081e00000,0x0000000082effd40,0x0000000086d80000)
 Metaspace       used 38834K, capacity 39440K, committed 39728K, reserved 1083392K
  class space    used 4912K, capacity 5059K, committed 5168K, reserved 1048576K
}

