# JRE version: OpenJDK Runtime Environment (8.0_242-b01) (build 1.8.0_242-release-1644-b01)
# Java VM: OpenJDK 64-Bit Server VM (25.242-b01 mixed mode windows-amd64 compressed oops)
Heap:
 PSYoungGen      total 119296K, used 9547K [0x00000000d5f80000, 0x00000000def00000, 0x0000000100000000)
  eden space 114176K, 8% used [0x00000000d5f80000,0x00000000d68d2ee8,0x00000000dcf00000)
  from space 5120K, 0% used [0x00000000de180000,0x00000000de180000,0x00000000de680000)
  to   space 8704K, 0% used [0x00000000de680000,0x00000000de680000,0x00000000def00000)
 ParOldGen       total 125952K, used 17935K [0x0000000081e00000, 0x0000000089900000, 0x00000000d5f80000)
  object space 125952K, 14% used [0x0000000081e00000,0x0000000082f83c48,0x0000000089900000)
 Metaspace       used 36175K, capacity 36762K, committed 37032K, reserved 1081344K
  class space    used 4630K, capacity 4788K, committed 4912K, reserved 1048576K
GC Heap History (10 events):
Event: 3.496 GC heap before
{Heap before GC invocations=3 (full 0):
 PSYoungGen      total 71680K, used 24198K [0x00000000d5f80000, 0x00000000daa80000, 0x0000000100000000)
  eden space 66560K, 28% used [0x00000000d5f80000,0x00000000d72239d8,0x00000000da080000)
  from space 5120K, 99% used [0x00000000da580000,0x00000000daa7e030,0x00000000daa80000)
  to   space 5120K, 0% used [0x00000000da080000,0x00000000da080000,0x00000000da580000)
 ParOldGen       total 87552K, used 8075K [0x0000000081e00000, 0x0000000087380000, 0x00000000d5f80000)
  object space 87552K, 9% used [0x0000000081e00000,0x00000000825e2de0,0x0000000087380000)
 Metaspace       used 20893K, capacity 21254K, committed 21296K, reserved 1069056K
  class space    used 2458K, capacity 2594K, committed 2608K, reserved 1048576K
Event: 3.513 GC heap after
Heap after GC invocations=3 (full 0):
 PSYoungGen      total 71680K, used 5096K [0x00000000d5f80000, 0x00000000deb80000, 0x0000000100000000)
  eden space 66560K, 0% used [0x00000000d5f80000,0x00000000d5f80000,0x00000000da080000)
  from space 5120K, 99% used [0x00000000da080000,0x00000000da57a030,0x00000000da580000)
  to   space 5120K, 0% used [0x00000000de680000,0x00000000de680000,0x00000000deb80000)
 ParOldGen       total 87552K, used 12360K [0x0000000081e00000, 0x0000000087380000, 0x00000000d5f80000)
  object space 87552K, 14% used [0x0000000081e00000,0x0000000082a122e8,0x0000000087380000)
 Metaspace       used 20893K, capacity 21254K, committed 21296K, reserved 1069056K
  class space    used 2458K, capacity 2594K, committed 2608K, reserved 1048576K
}
Event: 3.513 GC heap before
{Heap before GC invocations=4 (full 1):
 PSYoungGen      total 71680K, used 5096K [0x00000000d5f80000, 0x00000000deb80000, 0x0000000100000000)
  eden space 66560K, 0% used [0x00000000d5f80000,0x00000000d5f80000,0x00000000da080000)
  from space 5120K, 99% used [0x00000000da080000,0x00000000da57a030,0x00000000da580000)
  to   space 5120K, 0% used [0x00000000de680000,0x00000000de680000,0x00000000deb80000)
 ParOldGen       total 87552K, used 12360K [0x0000000081e00000, 0x0000000087380000, 0x00000000d5f80000)
  object space 87552K, 14% used [0x0000000081e00000,0x0000000082a122e8,0x0000000087380000)
 Metaspace       used 20893K, capacity 21254K, committed 21296K, reserved 1069056K
  class space    used 2458K, capacity 2594K, committed 2608K, reserved 1048576K
Event: 3.618 GC heap after
Heap after GC invocations=4 (full 1):
 PSYoungGen      total 71680K, used 0K [0x00000000d5f80000, 0x00000000deb80000, 0x0000000100000000)
  eden space 66560K, 0% used [0x00000000d5f80000,0x00000000d5f80000,0x00000000da080000)
  from space 5120K, 0% used [0x00000000da080000,0x00000000da080000,0x00000000da580000)
  to   space 5120K, 0% used [0x00000000de680000,0x00000000de680000,0x00000000deb80000)
 ParOldGen       total 76288K, used 14145K [0x0000000081e00000, 0x0000000086880000, 0x00000000d5f80000)
  object space 76288K, 18% used [0x0000000081e00000,0x0000000082bd0720,0x0000000086880000)
 Metaspace       used 20893K, capacity 21254K, committed 21296K, reserved 1069056K
  class space    used 2458K, capacity 2594K, committed 2608K, reserved 1048576K
}
Event: 8.444 GC heap before
{Heap before GC invocations=5 (full 1):
 PSYoungGen      total 71680K, used 66560K [0x00000000d5f80000, 0x00000000deb80000, 0x0000000100000000)
  eden space 66560K, 100% used [0x00000000d5f80000,0x00000000da080000,0x00000000da080000)
  from space 5120K, 0% used [0x00000000da080000,0x00000000da080000,0x00000000da580000)
  to   space 5120K, 0% used [0x00000000de680000,0x00000000de680000,0x00000000deb80000)
 ParOldGen       total 76288K, used 14145K [0x0000000081e00000, 0x0000000086880000, 0x00000000d5f80000)
  object space 76288K, 18% used [0x0000000081e00000,0x0000000082bd0720,0x0000000086880000)
 Metaspace       used 30878K, capacity 31407K, committed 31536K, reserved 1077248K
  class space    used 3931K, capacity 4087K, committed 4144K, reserved 1048576K
Event: 8.493 GC heap after
Heap after GC invocations=5 (full 1):
 PSYoungGen      total 92160K, used 5091K [0x00000000d5f80000, 0x00000000deb80000, 0x0000000100000000)
  eden space 87040K, 0% used [0x00000000d5f80000,0x00000000d5f80000,0x00000000db480000)
  from space 5120K, 99% used [0x00000000de680000,0x00000000deb78c70,0x00000000deb80000)
  to   space 5120K, 0% used [0x00000000de180000,0x00000000de180000,0x00000000de680000)
 ParOldGen       total 76288K, used 26183K [0x0000000081e00000, 0x0000000086880000, 0x00000000d5f80000)
  object space 76288K, 34% used [0x0000000081e00000,0x0000000083791ea8,0x0000000086880000)
 Metaspace       used 30878K, capacity 31407K, committed 31536K, reserved 1077248K
  class space    used 3931K, capacity 4087K, committed 4144K, reserved 1048576K
}
Event: 10.340 GC heap before
{Heap before GC invocations=6 (full 1):
 PSYoungGen      total 92160K, used 26211K [0x00000000d5f80000, 0x00000000deb80000, 0x0000000100000000)
  eden space 87040K, 24% used [0x00000000d5f80000,0x00000000d7420208,0x00000000db480000)
  from space 5120K, 99% used [0x00000000de680000,0x00000000deb78c70,0x00000000deb80000)
  to   space 5120K, 0% used [0x00000000de180000,0x00000000de180000,0x00000000de680000)
 ParOldGen       total 76288K, used 26183K [0x0000000081e00000, 0x0000000086880000, 0x00000000d5f80000)
  object space 76288K, 34% used [0x0000000081e00000,0x0000000083791ea8,0x0000000086880000)
 Metaspace       used 34637K, capacity 35168K, committed 35496K, reserved 1081344K
  class space    used 4411K, capacity 4545K, committed 4656K, reserved 1048576K
Event: 10.368 GC heap after
Heap after GC invocations=6 (full 1):
 PSYoungGen      total 119296K, used 5100K [0x00000000d5f80000, 0x00000000def00000, 0x0000000100000000)
  eden space 114176K, 0% used [0x00000000d5f80000,0x00000000d5f80000,0x00000000dcf00000)
  from space 5120K, 99% used [0x00000000de180000,0x00000000de67b130,0x00000000de680000)
  to   space 8704K, 0% used [0x00000000de680000,0x00000000de680000,0x00000000def00000)
 ParOldGen       total 76288K, used 30870K [0x0000000081e00000, 0x0000000086880000, 0x00000000d5f80000)
  object space 76288K, 40% used [0x0000000081e00000,0x0000000083c258e0,0x0000000086880000)
 Metaspace       used 34637K, capacity 35168K, committed 35496K, reserved 1081344K
  class space    used 4411K, capacity 4545K, committed 4656K, reserved 1048576K
}
Event: 10.368 GC heap before
{Heap before GC invocations=7 (full 2):
 PSYoungGen      total 119296K, used 5100K [0x00000000d5f80000, 0x00000000def00000, 0x0000000100000000)
  eden space 114176K, 0% used [0x00000000d5f80000,0x00000000d5f80000,0x00000000dcf00000)
  from space 5120K, 99% used [0x00000000de180000,0x00000000de67b130,0x00000000de680000)
  to   space 8704K, 0% used [0x00000000de680000,0x00000000de680000,0x00000000def00000)
 ParOldGen       total 76288K, used 30870K [0x0000000081e00000, 0x0000000086880000, 0x00000000d5f80000)
  object space 76288K, 40% used [0x0000000081e00000,0x0000000083c258e0,0x0000000086880000)
 Metaspace       used 34637K, capacity 35168K, committed 35496K, reserved 1081344K
  class space    used 4411K, capacity 4545K, committed 4656K, reserved 1048576K
Event: 10.624 GC heap after
Heap after GC invocations=7 (full 2):
 PSYoungGen      total 119296K, used 0K [0x00000000d5f80000, 0x00000000def00000, 0x0000000100000000)
  eden space 114176K, 0% used [0x00000000d5f80000,0x00000000d5f80000,0x00000000dcf00000)
  from space 5120K, 0% used [0x00000000de180000,0x00000000de180000,0x00000000de680000)
  to   space 8704K, 0% used [0x00000000de680000,0x00000000de680000,0x00000000def00000)
 ParOldGen       total 125952K, used 17935K [0x0000000081e00000, 0x0000000089900000, 0x00000000d5f80000)
  object space 125952K, 14% used [0x0000000081e00000,0x0000000082f83c48,0x0000000089900000)
 Metaspace       used 34637K, capacity 35168K, committed 35496K, reserved 1081344K
  class space    used 4411K, capacity 4545K, committed 4656K, reserved 1048576K
}

